
> @stellarix/react@0.0.1 build /mnt/d/dev/stellariX-ui/packages/adapters/react
> tsup --minify

CLI Building entry: src/index.ts
CLI Using tsconfig: tsconfig.json
CLI tsup v8.0.0
CLI Using tsup config: /mnt/d/dev/stellariX-ui/packages/adapters/react/tsup.config.ts
CLI Target: es2022
CLI Cleaning output folder
CJS Build start
ESM Build start
CJS dist/index.js     2.87 KB
CJS dist/index.js.map 15.05 KB
CJS ⚡️ Build success in 66ms
ESM dist/index.mjs     2.09 KB
ESM dist/index.mjs.map 14.78 KB
ESM ⚡️ Build success in 68ms
DTS Build start
DTS ⚡️ Build success in 9226ms
DTS dist/index.d.ts  6.77 KB
DTS dist/index.d.mts 6.77 KB
