
> @stellarix-ui/divider@0.0.1 build /Users/sriem/dev/stellariX-ui/packages/primitives/divider
> tsup --minify

CLI Building entry: src/index.ts
CLI Using tsconfig: tsconfig.json
CLI tsup v8.0.0
CLI Using tsup config: /Users/sriem/dev/stellariX-ui/packages/primitives/divider/tsup.config.ts
CLI Target: es2022
CLI Cleaning output folder
CJS Build start
ESM Build start
CJS dist/index.cjs     1.99 KB
CJS dist/index.cjs.map 9.06 KB
CJS ⚡️ Build success in 123ms
ESM dist/index.js     1.47 KB
ESM dist/index.js.map 8.94 KB
ESM ⚡️ Build success in 124ms
DTS Build start
DTS ⚡️ Build success in 3194ms
DTS dist/index.d.cts 3.64 KB
DTS dist/index.d.ts  3.64 KB
